DATE|IMSI|MOBILITY PROFILE|SERVICE USAGE PROFILE
FEBRUARY 2016|123456700000000|Busy|High Voice & SMS
FEBRUARY 2016|123456700000001|Night Shift|High SMS - Low Data
FEBRUARY 2016|123456700000002|Night Shift|High SMS - Low Data
FEBRUARY 2016|123456700000003|Busy|Low Usage Overall
FEBRUARY 2016|123456700000004|Daily Grinder|Low Usage Overall
FEBRUARY 2016|123456700000005|Norm Peterson|Average User
FEBRUARY 2016|123456700000006|Delivering The Goods|Low Usage Overall
FEBRUARY 2016|123456700000007|Busy|High Voice & SMS
FEBRUARY 2016|123456700000008|Daily Grinder|High Voice & SMS
FEBRUARY 2016|123456700000009|Busy|Average User
FEBRUARY 2016|123456700000010|Homebody|Big Data
FEBRUARY 2016|123456700000011|Daily Grinder|Big Data
FEBRUARY 2016|123456700000012|Daily Grinder|Low Usage Overall
FEBRUARY 2016|123456700000013|Busy|High Voice & SMS
FEBRUARY 2016|123456700000014|Night Shift|Big Data
FEBRUARY 2016|123456700000015|Daily Grinder|Low Usage Overall
FEBRUARY 2016|123456700000016|Night Shift|Average User
FEBRUARY 2016|123456700000017|Homebody|Low Usage Overall
FEBRUARY 2016|123456700000018|Busy|Low Usage Overall
FEBRUARY 2016|123456700000019|Busy|High Voice
FEBRUARY 2016|123456700000020|Busy|Average User
FEBRUARY 2016|123456700000021|Night Shift|High Voice
FEBRUARY 2016|123456700000022|Norm Peterson|Average User
FEBRUARY 2016|123456700000023|Norm Peterson|Big Data
FEBRUARY 2016|123456700000024|Delivering The Goods|High SMS - Low Data
FEBRUARY 2016|123456700000025|Norm Peterson|High Voice
FEBRUARY 2016|123456700000026|Busy|High SMS - Low Data
FEBRUARY 2016|123456700000027|Busy|High Voice & SMS
FEBRUARY 2016|123456700000028|Daily Grinder|Low Usage Overall
FEBRUARY 2016|123456700000029|Night Shift|High Voice
FEBRUARY 2016|123456700000030|Homebody|High Voice
FEBRUARY 2016|123456700000031|Busy|High SMS - Low Data
FEBRUARY 2016|123456700000032|Norm Peterson|Average User
FEBRUARY 2016|123456700000033|Delivering The Goods|Low Usage Overall
FEBRUARY 2016|123456700000034|Homebody|High Voice & SMS
FEBRUARY 2016|123456700000035|Delivering The Goods|High Voice & SMS
FEBRUARY 2016|123456700000036|Norm Peterson|Low Usage Overall
FEBRUARY 2016|123456700000037|Norm Peterson|High Voice & SMS
FEBRUARY 2016|123456700000038|Busy|High Voice & SMS
FEBRUARY 2016|123456700000039|Norm Peterson|High Voice & SMS
FEBRUARY 2016|123456700000040|Delivering The Goods|High SMS - Low Data
FEBRUARY 2016|123456700000041|Daily Grinder|High SMS - Low Data
FEBRUARY 2016|123456700000042|Norm Peterson|Low Usage Overall
FEBRUARY 2016|123456700000043|Delivering The Goods|High SMS - Low Data
FEBRUARY 2016|123456700000044|Night Shift|Big Data
FEBRUARY 2016|123456700000045|Norm Peterson|High Voice
FEBRUARY 2016|123456700000046|Homebody|High SMS - Low Data
FEBRUARY 2016|123456700000047|Delivering The Goods|Low Usage Overall
FEBRUARY 2016|123456700000048|Homebody|High Voice & SMS
FEBRUARY 2016|123456700000049|Night Shift|High Voice
FEBRUARY 2016|123456700000050|Night Shift|High Voice
FEBRUARY 2016|123456700000051|Daily Grinder|High SMS - Low Data
FEBRUARY 2016|123456700000052|Norm Peterson|High Voice & SMS
FEBRUARY 2016|123456700000053|Night Shift|High Voice
FEBRUARY 2016|123456700000054|Delivering The Goods|Big Data
FEBRUARY 2016|123456700000055|Busy|High SMS - Low Data
FEBRUARY 2016|123456700000056|Night Shift|High Voice & SMS
FEBRUARY 2016|123456700000057|Night Shift|High Voice
FEBRUARY 2016|123456700000058|Delivering The Goods|Average User
FEBRUARY 2016|123456700000059|Delivering The Goods|Big Data
FEBRUARY 2016|123456700000060|Norm Peterson|High Voice
FEBRUARY 2016|123456700000061|Delivering The Goods|High Voice & SMS
FEBRUARY 2016|123456700000062|Night Shift|Big Data
FEBRUARY 2016|123456700000063|Delivering The Goods|High SMS - Low Data
FEBRUARY 2016|123456700000064|Daily Grinder|High Voice
FEBRUARY 2016|123456700000065|Busy|High SMS - Low Data
FEBRUARY 2016|123456700000066|Busy|Big Data
FEBRUARY 2016|123456700000067|Daily Grinder|Low Usage Overall
FEBRUARY 2016|123456700000068|Delivering The Goods|Low Usage Overall
FEBRUARY 2016|123456700000069|Homebody|High Voice & SMS
FEBRUARY 2016|123456700000070|Night Shift|Big Data
FEBRUARY 2016|123456700000071|Night Shift|Average User
FEBRUARY 2016|123456700000072|Night Shift|High SMS - Low Data
FEBRUARY 2016|123456700000073|Homebody|High SMS - Low Data
FEBRUARY 2016|123456700000074|Daily Grinder|High Voice & SMS
FEBRUARY 2016|123456700000075|Norm Peterson|Average User
FEBRUARY 2016|123456700000076|Night Shift|High Voice
FEBRUARY 2016|123456700000077|Homebody|High Voice
FEBRUARY 2016|123456700000078|Busy|High Voice & SMS
FEBRUARY 2016|123456700000079|Delivering The Goods|Big Data
FEBRUARY 2016|123456700000080|Delivering The Goods|High Voice & SMS
FEBRUARY 2016|123456700000081|Norm Peterson|High SMS - Low Data
FEBRUARY 2016|123456700000082|Delivering The Goods|High Voice
FEBRUARY 2016|123456700000083|Norm Peterson|Average User
FEBRUARY 2016|123456700000084|Daily Grinder|Average User
FEBRUARY 2016|123456700000085|Homebody|High Voice & SMS
FEBRUARY 2016|123456700000086|Busy|Big Data
FEBRUARY 2016|123456700000087|Daily Grinder|High Voice
FEBRUARY 2016|123456700000088|Homebody|High Voice
FEBRUARY 2016|123456700000089|Daily Grinder|Big Data
FEBRUARY 2016|123456700000090|Norm Peterson|High Voice & SMS
FEBRUARY 2016|123456700000091|Homebody|Low Usage Overall
FEBRUARY 2016|123456700000092|Homebody|Average User
FEBRUARY 2016|123456700000093|Daily Grinder|Big Data
FEBRUARY 2016|123456700000094|Night Shift|Big Data
FEBRUARY 2016|123456700000095|Delivering The Goods|High SMS - Low Data
FEBRUARY 2016|123456700000096|Busy|Low Usage Overall
FEBRUARY 2016|123456700000097|Norm Peterson|Average User
FEBRUARY 2016|123456700000098|Delivering The Goods|Average User
FEBRUARY 2016|123456700000099|Delivering The Goods|High SMS - Low Data
FEBRUARY 2016|123456700000100|Night Shift|High SMS - Low Data
FEBRUARY 2016|123456700000101|Delivering The Goods|High Voice
FEBRUARY 2016|123456700000102|Busy|Low Usage Overall
FEBRUARY 2016|123456700000103|Busy|High Voice & SMS
FEBRUARY 2016|123456700000104|Night Shift|Average User
FEBRUARY 2016|123456700000105|Daily Grinder|High Voice & SMS
FEBRUARY 2016|123456700000106|Daily Grinder|Average User
FEBRUARY 2016|123456700000107|Homebody|High Voice & SMS
FEBRUARY 2016|123456700000108|Norm Peterson|Big Data
FEBRUARY 2016|123456700000109|Daily Grinder|Big Data
FEBRUARY 2016|123456700000110|Busy|Average User
FEBRUARY 2016|123456700000111|Norm Peterson|High SMS - Low Data
FEBRUARY 2016|123456700000112|Night Shift|Low Usage Overall
FEBRUARY 2016|123456700000113|Busy|Big Data
FEBRUARY 2016|123456700000114|Busy|High SMS - Low Data
FEBRUARY 2016|123456700000115|Busy|High Voice & SMS
FEBRUARY 2016|123456700000116|Homebody|High Voice
FEBRUARY 2016|123456700000117|Busy|High Voice & SMS
FEBRUARY 2016|123456700000118|Delivering The Goods|Average User
FEBRUARY 2016|123456700000119|Homebody|High Voice
FEBRUARY 2016|123456700000120|Night Shift|Average User
FEBRUARY 2016|123456700000121|Delivering The Goods|High SMS - Low Data
FEBRUARY 2016|123456700000122|Daily Grinder|Average User
FEBRUARY 2016|123456700000123|Daily Grinder|Low Usage Overall
FEBRUARY 2016|123456700000124|Homebody|High Voice
FEBRUARY 2016|123456700000125|Busy|High Voice & SMS
FEBRUARY 2016|123456700000126|Norm Peterson|High Voice
FEBRUARY 2016|123456700000127|Busy|High SMS - Low Data
FEBRUARY 2016|123456700000128|Homebody|High SMS - Low Data
FEBRUARY 2016|123456700000129|Delivering The Goods|High Voice
FEBRUARY 2016|123456700000130|Busy|High Voice & SMS
FEBRUARY 2016|123456700000131|Busy|High SMS - Low Data
FEBRUARY 2016|123456700000132|Homebody|Average User
FEBRUARY 2016|123456700000133|Daily Grinder|Low Usage Overall
FEBRUARY 2016|123456700000134|Night Shift|Big Data
FEBRUARY 2016|123456700000135|Delivering The Goods|High Voice & SMS
FEBRUARY 2016|123456700000136|Daily Grinder|High SMS - Low Data
FEBRUARY 2016|123456700000137|Daily Grinder|Big Data
FEBRUARY 2016|123456700000138|Norm Peterson|Low Usage Overall
FEBRUARY 2016|123456700000139|Daily Grinder|Average User
FEBRUARY 2016|123456700000140|Homebody|Average User
FEBRUARY 2016|123456700000141|Busy|Big Data
FEBRUARY 2016|123456700000142|Homebody|High Voice
FEBRUARY 2016|123456700000143|Norm Peterson|High Voice & SMS
FEBRUARY 2016|123456700000144|Night Shift|High Voice & SMS
FEBRUARY 2016|123456700000145|Night Shift|Low Usage Overall
FEBRUARY 2016|123456700000146|Night Shift|High SMS - Low Data
FEBRUARY 2016|123456700000147|Norm Peterson|Low Usage Overall
FEBRUARY 2016|123456700000148|Daily Grinder|Average User
FEBRUARY 2016|123456700000149|Homebody|High Voice & SMS
FEBRUARY 2016|123456700000150|Night Shift|High Voice
FEBRUARY 2016|123456700000151|Delivering The Goods|Big Data
FEBRUARY 2016|123456700000152|Busy|High Voice
FEBRUARY 2016|123456700000153|Norm Peterson|Low Usage Overall
FEBRUARY 2016|123456700000154|Homebody|Big Data
FEBRUARY 2016|123456700000155|Norm Peterson|Low Usage Overall
FEBRUARY 2016|123456700000156|Norm Peterson|Low Usage Overall
FEBRUARY 2016|123456700000157|Delivering The Goods|High Voice & SMS
FEBRUARY 2016|123456700000158|Daily Grinder|High Voice
FEBRUARY 2016|123456700000159|Daily Grinder|Big Data
FEBRUARY 2016|123456700000160|Delivering The Goods|High Voice
FEBRUARY 2016|123456700000161|Homebody|Big Data
FEBRUARY 2016|123456700000162|Daily Grinder|Big Data
FEBRUARY 2016|123456700000163|Norm Peterson|Low Usage Overall
FEBRUARY 2016|123456700000164|Homebody|High Voice & SMS
FEBRUARY 2016|123456700000165|Homebody|Big Data
FEBRUARY 2016|123456700000166|Delivering The Goods|Low Usage Overall
FEBRUARY 2016|123456700000167|Daily Grinder|Low Usage Overall
FEBRUARY 2016|123456700000168|Night Shift|High Voice
FEBRUARY 2016|123456700000169|Night Shift|Low Usage Overall
FEBRUARY 2016|123456700000170|Norm Peterson|Big Data
FEBRUARY 2016|123456700000171|Norm Peterson|Average User
FEBRUARY 2016|123456700000172|Delivering The Goods|Big Data
FEBRUARY 2016|123456700000173|Busy|High Voice & SMS
FEBRUARY 2016|123456700000174|Norm Peterson|High SMS - Low Data
FEBRUARY 2016|123456700000175|Norm Peterson|High SMS - Low Data
FEBRUARY 2016|123456700000176|Daily Grinder|Big Data
FEBRUARY 2016|123456700000177|Night Shift|Big Data
FEBRUARY 2016|123456700000178|Busy|Low Usage Overall
FEBRUARY 2016|123456700000179|Delivering The Goods|High Voice
FEBRUARY 2016|123456700000180|Daily Grinder|Average User
FEBRUARY 2016|123456700000181|Norm Peterson|Big Data
FEBRUARY 2016|123456700000182|Daily Grinder|High SMS - Low Data
FEBRUARY 2016|123456700000183|Daily Grinder|Low Usage Overall
FEBRUARY 2016|123456700000184|Night Shift|High SMS - Low Data
FEBRUARY 2016|123456700000185|Busy|Low Usage Overall
FEBRUARY 2016|123456700000186|Busy|Low Usage Overall
FEBRUARY 2016|123456700000187|Norm Peterson|High Voice
FEBRUARY 2016|123456700000188|Daily Grinder|High Voice
FEBRUARY 2016|123456700000189|Norm Peterson|Average User
FEBRUARY 2016|123456700000190|Daily Grinder|Low Usage Overall
FEBRUARY 2016|123456700000191|Norm Peterson|High SMS - Low Data
FEBRUARY 2016|123456700000192|Night Shift|High Voice & SMS
FEBRUARY 2016|123456700000193|Night Shift|High Voice & SMS
FEBRUARY 2016|123456700000194|Delivering The Goods|Average User
FEBRUARY 2016|123456700000195|Homebody|High Voice
FEBRUARY 2016|123456700000196|Homebody|Low Usage Overall
FEBRUARY 2016|123456700000197|Norm Peterson|High Voice
FEBRUARY 2016|123456700000198|Delivering The Goods|Low Usage Overall
FEBRUARY 2016|123456700000199|Night Shift|High Voice & SMS
FEBRUARY 2016|123456700000200|Delivering The Goods|High Voice & SMS
FEBRUARY 2016|123456700000201|Norm Peterson|High SMS - Low Data
FEBRUARY 2016|123456700000202|Night Shift|High Voice & SMS
FEBRUARY 2016|123456700000203|Busy|Big Data
FEBRUARY 2016|123456700000204|Norm Peterson|High Voice & SMS
FEBRUARY 2016|123456700000205|Norm Peterson|Big Data
FEBRUARY 2016|123456700000206|Homebody|High Voice
FEBRUARY 2016|123456700000207|Norm Peterson|Average User
FEBRUARY 2016|123456700000208|Delivering The Goods|Low Usage Overall
FEBRUARY 2016|123456700000209|Homebody|High Voice
FEBRUARY 2016|123456700000210|Daily Grinder|High Voice & SMS
FEBRUARY 2016|123456700000211|Night Shift|High SMS - Low Data
FEBRUARY 2016|123456700000212|Busy|High SMS - Low Data
FEBRUARY 2016|123456700000213|Norm Peterson|Average User
FEBRUARY 2016|123456700000214|Homebody|High Voice & SMS
FEBRUARY 2016|123456700000215|Homebody|High Voice
FEBRUARY 2016|123456700000216|Busy|Average User
FEBRUARY 2016|123456700000217|Homebody|High SMS - Low Data
FEBRUARY 2016|123456700000218|Homebody|Average User
FEBRUARY 2016|123456700000219|Daily Grinder|High Voice
FEBRUARY 2016|123456700000220|Daily Grinder|High SMS - Low Data
FEBRUARY 2016|123456700000221|Homebody|Average User
FEBRUARY 2016|123456700000222|Night Shift|Low Usage Overall
FEBRUARY 2016|123456700000223|Homebody|Big Data
FEBRUARY 2016|123456700000224|Night Shift|Low Usage Overall
FEBRUARY 2016|123456700000225|Norm Peterson|High Voice & SMS
FEBRUARY 2016|123456700000226|Daily Grinder|Low Usage Overall
FEBRUARY 2016|123456700000227|Delivering The Goods|High SMS - Low Data
FEBRUARY 2016|123456700000228|Busy|High Voice
FEBRUARY 2016|123456700000229|Homebody|Average User
FEBRUARY 2016|123456700000230|Homebody|Average User
FEBRUARY 2016|123456700000231|Delivering The Goods|Average User
FEBRUARY 2016|123456700000232|Homebody|High Voice & SMS
FEBRUARY 2016|123456700000233|Busy|High SMS - Low Data
FEBRUARY 2016|123456700000234|Night Shift|Big Data
FEBRUARY 2016|123456700000235|Night Shift|High Voice
FEBRUARY 2016|123456700000236|Night Shift|Average User
FEBRUARY 2016|123456700000237|Busy|Big Data
FEBRUARY 2016|123456700000238|Delivering The Goods|High Voice & SMS
FEBRUARY 2016|123456700000239|Daily Grinder|Low Usage Overall
FEBRUARY 2016|123456700000240|Delivering The Goods|High Voice & SMS
FEBRUARY 2016|123456700000241|Daily Grinder|Average User
FEBRUARY 2016|123456700000242|Busy|Average User
FEBRUARY 2016|123456700000243|Delivering The Goods|High SMS - Low Data
FEBRUARY 2016|123456700000244|Delivering The Goods|High Voice & SMS
FEBRUARY 2016|123456700000245|Norm Peterson|Low Usage Overall
FEBRUARY 2016|123456700000246|Norm Peterson|High Voice & SMS
FEBRUARY 2016|123456700000247|Homebody|Big Data
FEBRUARY 2016|123456700000248|Norm Peterson|High Voice & SMS
FEBRUARY 2016|123456700000249|Busy|High Voice & SMS
FEBRUARY 2016|123456700000250|Delivering The Goods|Low Usage Overall
FEBRUARY 2016|123456700000251|Daily Grinder|High SMS - Low Data
FEBRUARY 2016|123456700000252|Busy|High Voice & SMS
FEBRUARY 2016|123456700000253|Daily Grinder|High Voice & SMS
FEBRUARY 2016|123456700000254|Delivering The Goods|Average User
FEBRUARY 2016|123456700000255|Homebody|Low Usage Overall
FEBRUARY 2016|123456700000256|Daily Grinder|High SMS - Low Data
FEBRUARY 2016|123456700000257|Homebody|Low Usage Overall
FEBRUARY 2016|123456700000258|Norm Peterson|Low Usage Overall
FEBRUARY 2016|123456700000259|Delivering The Goods|High Voice
FEBRUARY 2016|123456700000260|Daily Grinder|Low Usage Overall
FEBRUARY 2016|123456700000261|Busy|High Voice
FEBRUARY 2016|123456700000262|Homebody|High Voice
FEBRUARY 2016|123456700000263|Night Shift|Average User
FEBRUARY 2016|123456700000264|Homebody|Big Data
FEBRUARY 2016|123456700000265|Night Shift|Big Data
FEBRUARY 2016|123456700000266|Delivering The Goods|Average User
FEBRUARY 2016|123456700000267|Delivering The Goods|Average User
FEBRUARY 2016|123456700000268|Daily Grinder|Big Data
FEBRUARY 2016|123456700000269|Night Shift|High Voice & SMS
FEBRUARY 2016|123456700000270|Homebody|High SMS - Low Data
FEBRUARY 2016|123456700000271|Homebody|Big Data
FEBRUARY 2016|123456700000272|Delivering The Goods|Low Usage Overall
FEBRUARY 2016|123456700000273|Delivering The Goods|Low Usage Overall
FEBRUARY 2016|123456700000274|Delivering The Goods|Low Usage Overall
FEBRUARY 2016|123456700000275|Daily Grinder|High Voice
FEBRUARY 2016|123456700000276|Homebody|High SMS - Low Data
FEBRUARY 2016|123456700000277|Busy|Big Data
FEBRUARY 2016|123456700000278|Norm Peterson|High Voice & SMS
FEBRUARY 2016|123456700000279|Homebody|Big Data
FEBRUARY 2016|123456700000280|Busy|High Voice
FEBRUARY 2016|123456700000281|Delivering The Goods|High Voice
FEBRUARY 2016|123456700000282|Delivering The Goods|Big Data
FEBRUARY 2016|123456700000283|Delivering The Goods|Average User
FEBRUARY 2016|123456700000284|Night Shift|High Voice
FEBRUARY 2016|123456700000285|Daily Grinder|Big Data
FEBRUARY 2016|123456700000286|Busy|Big Data
FEBRUARY 2016|123456700000287|Norm Peterson|High Voice
FEBRUARY 2016|123456700000288|Busy|Average User
FEBRUARY 2016|123456700000289|Busy|Average User
FEBRUARY 2016|123456700000290|Delivering The Goods|Average User
FEBRUARY 2016|123456700000291|Delivering The Goods|High SMS - Low Data
FEBRUARY 2016|123456700000292|Norm Peterson|Big Data
FEBRUARY 2016|123456700000293|Busy|Average User
FEBRUARY 2016|123456700000294|Homebody|High Voice
FEBRUARY 2016|123456700000295|Busy|Low Usage Overall
FEBRUARY 2016|123456700000296|Homebody|High Voice & SMS
FEBRUARY 2016|123456700000297|Homebody|High Voice
FEBRUARY 2016|123456700000298|Norm Peterson|Low Usage Overall
FEBRUARY 2016|123456700000299|Delivering The Goods|Average User
FEBRUARY 2016|123456700000300|Delivering The Goods|High SMS - Low Data
FEBRUARY 2016|123456700000301|Night Shift|Big Data
FEBRUARY 2016|123456700000302|Norm Peterson|High SMS - Low Data
FEBRUARY 2016|123456700000303|Busy|High Voice & SMS
FEBRUARY 2016|123456700000304|Night Shift|High Voice & SMS
FEBRUARY 2016|123456700000305|Delivering The Goods|Low Usage Overall
FEBRUARY 2016|123456700000306|Norm Peterson|Average User
FEBRUARY 2016|123456700000307|Homebody|High Voice
FEBRUARY 2016|123456700000308|Delivering The Goods|High SMS - Low Data
FEBRUARY 2016|123456700000309|Daily Grinder|High Voice & SMS
FEBRUARY 2016|123456700000310|Delivering The Goods|Low Usage Overall
FEBRUARY 2016|123456700000311|Norm Peterson|Low Usage Overall
FEBRUARY 2016|123456700000312|Busy|High Voice & SMS
FEBRUARY 2016|123456700000313|Daily Grinder|High Voice & SMS
FEBRUARY 2016|123456700000314|Norm Peterson|High SMS - Low Data
FEBRUARY 2016|123456700000315|Delivering The Goods|Low Usage Overall
FEBRUARY 2016|123456700000316|Night Shift|Low Usage Overall
FEBRUARY 2016|123456700000317|Daily Grinder|Big Data
FEBRUARY 2016|123456700000318|Night Shift|Big Data
FEBRUARY 2016|123456700000319|Delivering The Goods|Average User
FEBRUARY 2016|123456700000320|Homebody|High SMS - Low Data
FEBRUARY 2016|123456700000321|Daily Grinder|High Voice & SMS
FEBRUARY 2016|123456700000322|Delivering The Goods|Average User
FEBRUARY 2016|123456700000323|Delivering The Goods|High Voice & SMS
FEBRUARY 2016|123456700000324|Daily Grinder|High Voice & SMS
FEBRUARY 2016|123456700000325|Busy|High SMS - Low Data
FEBRUARY 2016|123456700000326|Daily Grinder|Average User
FEBRUARY 2016|123456700000327|Daily Grinder|High Voice & SMS
FEBRUARY 2016|123456700000328|Norm Peterson|Low Usage Overall
FEBRUARY 2016|123456700000329|Busy|High SMS - Low Data
FEBRUARY 2016|123456700000330|Busy|Low Usage Overall
FEBRUARY 2016|123456700000331|Homebody|High Voice & SMS
FEBRUARY 2016|123456700000332|Night Shift|Big Data
FEBRUARY 2016|123456700000333|Delivering The Goods|Low Usage Overall
FEBRUARY 2016|123456700000334|Daily Grinder|High Voice & SMS
FEBRUARY 2016|123456700000335|Busy|High Voice & SMS
FEBRUARY 2016|123456700000336|Night Shift|High Voice & SMS
FEBRUARY 2016|123456700000337|Delivering The Goods|High Voice & SMS
FEBRUARY 2016|123456700000338|Homebody|Average User
FEBRUARY 2016|123456700000339|Homebody|High SMS - Low Data
FEBRUARY 2016|123456700000340|Norm Peterson|High Voice
FEBRUARY 2016|123456700000341|Norm Peterson|Average User
FEBRUARY 2016|123456700000342|Busy|Big Data
FEBRUARY 2016|123456700000343|Delivering The Goods|High Voice
FEBRUARY 2016|123456700000344|Night Shift|High Voice & SMS
FEBRUARY 2016|123456700000345|Night Shift|High Voice & SMS
FEBRUARY 2016|123456700000346|Daily Grinder|High Voice
FEBRUARY 2016|123456700000347|Busy|Low Usage Overall
FEBRUARY 2016|123456700000348|Delivering The Goods|High SMS - Low Data
FEBRUARY 2016|123456700000349|Busy|Low Usage Overall
FEBRUARY 2016|123456700000350|Busy|Big Data
FEBRUARY 2016|123456700000351|Delivering The Goods|High SMS - Low Data
FEBRUARY 2016|123456700000352|Delivering The Goods|Average User
FEBRUARY 2016|123456700000353|Homebody|High SMS - Low Data
FEBRUARY 2016|123456700000354|Delivering The Goods|High Voice
FEBRUARY 2016|123456700000355|Homebody|Average User
FEBRUARY 2016|123456700000356|Busy|Big Data
FEBRUARY 2016|123456700000357|Night Shift|High Voice
FEBRUARY 2016|123456700000358|Night Shift|High SMS - Low Data
FEBRUARY 2016|123456700000359|Busy|Average User
FEBRUARY 2016|123456700000360|Delivering The Goods|Big Data
FEBRUARY 2016|123456700000361|Daily Grinder|Big Data
FEBRUARY 2016|123456700000362|Homebody|High SMS - Low Data
FEBRUARY 2016|123456700000363|Norm Peterson|High SMS - Low Data
FEBRUARY 2016|123456700000364|Busy|High Voice
FEBRUARY 2016|123456700000365|Homebody|Low Usage Overall
FEBRUARY 2016|123456700000366|Homebody|High SMS - Low Data
FEBRUARY 2016|123456700000367|Busy|Average User
FEBRUARY 2016|123456700000368|Norm Peterson|High Voice
FEBRUARY 2016|123456700000369|Norm Peterson|Low Usage Overall
FEBRUARY 2016|123456700000370|Homebody|High SMS - Low Data
FEBRUARY 2016|123456700000371|Norm Peterson|Low Usage Overall
FEBRUARY 2016|123456700000372|Homebody|High Voice
FEBRUARY 2016|123456700000373|Norm Peterson|High Voice & SMS
FEBRUARY 2016|123456700000374|Homebody|High Voice & SMS
FEBRUARY 2016|123456700000375|Homebody|High Voice & SMS
FEBRUARY 2016|123456700000376|Busy|Average User
FEBRUARY 2016|123456700000377|Norm Peterson|High SMS - Low Data
FEBRUARY 2016|123456700000378|Night Shift|High Voice
FEBRUARY 2016|123456700000379|Busy|High Voice & SMS
FEBRUARY 2016|123456700000380|Delivering The Goods|High Voice & SMS
FEBRUARY 2016|123456700000381|Busy|Average User
FEBRUARY 2016|123456700000382|Homebody|High SMS - Low Data
FEBRUARY 2016|123456700000383|Daily Grinder|Low Usage Overall
FEBRUARY 2016|123456700000384|Norm Peterson|Low Usage Overall
FEBRUARY 2016|123456700000385|Night Shift|High Voice
FEBRUARY 2016|123456700000386|Norm Peterson|High SMS - Low Data
FEBRUARY 2016|123456700000387|Busy|Big Data
FEBRUARY 2016|123456700000388|Busy|Average User
FEBRUARY 2016|123456700000389|Daily Grinder|High Voice & SMS
FEBRUARY 2016|123456700000390|Daily Grinder|High Voice & SMS
FEBRUARY 2016|123456700000391|Norm Peterson|Low Usage Overall
FEBRUARY 2016|123456700000392|Delivering The Goods|High Voice
FEBRUARY 2016|123456700000393|Homebody|Big Data
FEBRUARY 2016|123456700000394|Norm Peterson|High SMS - Low Data
FEBRUARY 2016|123456700000395|Busy|Average User
FEBRUARY 2016|123456700000396|Norm Peterson|Average User
FEBRUARY 2016|123456700000397|Night Shift|High SMS - Low Data
FEBRUARY 2016|123456700000398|Homebody|Average User
FEBRUARY 2016|123456700000399|Norm Peterson|Average User
FEBRUARY 2016|123456700000400|Delivering The Goods|High Voice
FEBRUARY 2016|123456700000401|Homebody|High SMS - Low Data
FEBRUARY 2016|123456700000402|Daily Grinder|Low Usage Overall
FEBRUARY 2016|123456700000403|Homebody|Average User
FEBRUARY 2016|123456700000404|Daily Grinder|Average User
FEBRUARY 2016|123456700000405|Homebody|High Voice & SMS
FEBRUARY 2016|123456700000406|Night Shift|Low Usage Overall
FEBRUARY 2016|123456700000407|Daily Grinder|High Voice
FEBRUARY 2016|123456700000408|Night Shift|Big Data
FEBRUARY 2016|123456700000409|Norm Peterson|High SMS - Low Data
FEBRUARY 2016|123456700000410|Daily Grinder|Average User
FEBRUARY 2016|123456700000411|Daily Grinder|Average User
FEBRUARY 2016|123456700000412|Delivering The Goods|Low Usage Overall
FEBRUARY 2016|123456700000413|Delivering The Goods|High SMS - Low Data
FEBRUARY 2016|123456700000414|Busy|High Voice
FEBRUARY 2016|123456700000415|Busy|High Voice
FEBRUARY 2016|123456700000416|Delivering The Goods|High SMS - Low Data
FEBRUARY 2016|123456700000417|Busy|High SMS - Low Data
FEBRUARY 2016|123456700000418|Night Shift|High Voice
FEBRUARY 2016|123456700000419|Delivering The Goods|Big Data
FEBRUARY 2016|123456700000420|Delivering The Goods|High Voice & SMS
FEBRUARY 2016|123456700000421|Homebody|High Voice & SMS
FEBRUARY 2016|123456700000422|Daily Grinder|Average User
FEBRUARY 2016|123456700000423|Daily Grinder|Low Usage Overall
FEBRUARY 2016|123456700000424|Daily Grinder|High SMS - Low Data
FEBRUARY 2016|123456700000425|Busy|Average User
FEBRUARY 2016|123456700000426|Delivering The Goods|High Voice & SMS
FEBRUARY 2016|123456700000427|Norm Peterson|High Voice & SMS
FEBRUARY 2016|123456700000428|Night Shift|Big Data
FEBRUARY 2016|123456700000429|Delivering The Goods|Big Data
FEBRUARY 2016|123456700000430|Delivering The Goods|Big Data
FEBRUARY 2016|123456700000431|Norm Peterson|Low Usage Overall
FEBRUARY 2016|123456700000432|Night Shift|Big Data
FEBRUARY 2016|123456700000433|Homebody|Low Usage Overall
FEBRUARY 2016|123456700000434|Norm Peterson|Low Usage Overall
FEBRUARY 2016|123456700000435|Night Shift|High SMS - Low Data
FEBRUARY 2016|123456700000436|Homebody|Big Data
FEBRUARY 2016|123456700000437|Delivering The Goods|High Voice
FEBRUARY 2016|123456700000438|Daily Grinder|Big Data
FEBRUARY 2016|123456700000439|Night Shift|Low Usage Overall
FEBRUARY 2016|123456700000440|Homebody|Big Data
FEBRUARY 2016|123456700000441|Night Shift|Average User
FEBRUARY 2016|123456700000442|Daily Grinder|Low Usage Overall
FEBRUARY 2016|123456700000443|Busy|Low Usage Overall
FEBRUARY 2016|123456700000444|Daily Grinder|High Voice & SMS
FEBRUARY 2016|123456700000445|Homebody|High Voice
FEBRUARY 2016|123456700000446|Norm Peterson|Average User
FEBRUARY 2016|123456700000447|Homebody|High SMS - Low Data
FEBRUARY 2016|123456700000448|Daily Grinder|High Voice
FEBRUARY 2016|123456700000449|Homebody|High Voice
FEBRUARY 2016|123456700000450|Night Shift|High Voice
FEBRUARY 2016|123456700000451|Homebody|High Voice
FEBRUARY 2016|123456700000452|Night Shift|Average User
FEBRUARY 2016|123456700000453|Homebody|Low Usage Overall
FEBRUARY 2016|123456700000454|Homebody|High Voice
FEBRUARY 2016|123456700000455|Norm Peterson|Big Data
FEBRUARY 2016|123456700000456|Daily Grinder|High SMS - Low Data
FEBRUARY 2016|123456700000457|Daily Grinder|High Voice & SMS
FEBRUARY 2016|123456700000458|Daily Grinder|Average User
FEBRUARY 2016|123456700000459|Night Shift|High SMS - Low Data
FEBRUARY 2016|123456700000460|Norm Peterson|High Voice & SMS
FEBRUARY 2016|123456700000461|Norm Peterson|High Voice & SMS
FEBRUARY 2016|123456700000462|Daily Grinder|Low Usage Overall
FEBRUARY 2016|123456700000463|Norm Peterson|Big Data
FEBRUARY 2016|123456700000464|Night Shift|High SMS - Low Data
FEBRUARY 2016|123456700000465|Night Shift|High Voice
FEBRUARY 2016|123456700000466|Norm Peterson|High Voice & SMS
FEBRUARY 2016|123456700000467|Homebody|High SMS - Low Data
FEBRUARY 2016|123456700000468|Homebody|High Voice & SMS
FEBRUARY 2016|123456700000469|Homebody|High SMS - Low Data
FEBRUARY 2016|123456700000470|Busy|Average User
FEBRUARY 2016|123456700000471|Busy|Big Data
FEBRUARY 2016|123456700000472|Homebody|High Voice
FEBRUARY 2016|123456700000473|Night Shift|High SMS - Low Data
FEBRUARY 2016|123456700000474|Homebody|High Voice & SMS
FEBRUARY 2016|123456700000475|Homebody|High Voice & SMS
FEBRUARY 2016|123456700000476|Norm Peterson|Big Data
FEBRUARY 2016|123456700000477|Night Shift|Big Data
FEBRUARY 2016|123456700000478|Busy|High SMS - Low Data
FEBRUARY 2016|123456700000479|Homebody|High Voice & SMS
FEBRUARY 2016|123456700000480|Norm Peterson|High Voice
FEBRUARY 2016|123456700000481|Delivering The Goods|High Voice & SMS
FEBRUARY 2016|123456700000482|Busy|High SMS - Low Data
FEBRUARY 2016|123456700000483|Homebody|High Voice & SMS
FEBRUARY 2016|123456700000484|Delivering The Goods|High Voice & SMS
FEBRUARY 2016|123456700000485|Night Shift|High Voice & SMS
FEBRUARY 2016|123456700000486|Night Shift|Big Data
FEBRUARY 2016|123456700000487|Night Shift|High Voice
FEBRUARY 2016|123456700000488|Delivering The Goods|High SMS - Low Data
FEBRUARY 2016|123456700000489|Delivering The Goods|Average User
FEBRUARY 2016|123456700000490|Norm Peterson|High Voice
FEBRUARY 2016|123456700000491|Norm Peterson|Average User
FEBRUARY 2016|123456700000492|Busy|High Voice & SMS
FEBRUARY 2016|123456700000493|Delivering The Goods|Low Usage Overall
FEBRUARY 2016|123456700000494|Night Shift|High SMS - Low Data
FEBRUARY 2016|123456700000495|Night Shift|Average User
FEBRUARY 2016|123456700000496|Daily Grinder|Big Data
FEBRUARY 2016|123456700000497|Delivering The Goods|Low Usage Overall
FEBRUARY 2016|123456700000498|Norm Peterson|High SMS - Low Data
FEBRUARY 2016|123456700000499|Delivering The Goods|Big Data
FEBRUARY 2016|123456700000500|Delivering The Goods|High Voice
FEBRUARY 2016|123456700000501|Busy|Big Data
FEBRUARY 2016|123456700000502|Homebody|High SMS - Low Data
FEBRUARY 2016|123456700000503|Busy|High Voice
FEBRUARY 2016|123456700000504|Night Shift|Low Usage Overall
FEBRUARY 2016|123456700000505|Norm Peterson|Low Usage Overall
FEBRUARY 2016|123456700000506|Night Shift|High SMS - Low Data
FEBRUARY 2016|123456700000507|Norm Peterson|Big Data
FEBRUARY 2016|123456700000508|Homebody|Average User
FEBRUARY 2016|123456700000509|Norm Peterson|Low Usage Overall
FEBRUARY 2016|123456700000510|Night Shift|Average User
FEBRUARY 2016|123456700000511|Daily Grinder|Low Usage Overall
FEBRUARY 2016|123456700000512|Delivering The Goods|Average User
FEBRUARY 2016|123456700000513|Delivering The Goods|High Voice & SMS
FEBRUARY 2016|123456700000514|Daily Grinder|High Voice & SMS
FEBRUARY 2016|123456700000515|Night Shift|High Voice
FEBRUARY 2016|123456700000516|Delivering The Goods|High Voice
FEBRUARY 2016|123456700000517|Homebody|Low Usage Overall
FEBRUARY 2016|123456700000518|Daily Grinder|High SMS - Low Data
FEBRUARY 2016|123456700000519|Norm Peterson|High Voice
FEBRUARY 2016|123456700000520|Norm Peterson|High Voice & SMS
FEBRUARY 2016|123456700000521|Busy|Low Usage Overall
FEBRUARY 2016|123456700000522|Homebody|Big Data
FEBRUARY 2016|123456700000523|Busy|High Voice & SMS
FEBRUARY 2016|123456700000524|Delivering The Goods|High Voice
FEBRUARY 2016|123456700000525|Homebody|Big Data
FEBRUARY 2016|123456700000526|Delivering The Goods|High Voice
FEBRUARY 2016|123456700000527|Daily Grinder|Average User
FEBRUARY 2016|123456700000528|Daily Grinder|Low Usage Overall
FEBRUARY 2016|123456700000529|Delivering The Goods|Low Usage Overall
FEBRUARY 2016|123456700000530|Daily Grinder|High Voice & SMS
FEBRUARY 2016|123456700000531|Busy|High Voice
FEBRUARY 2016|123456700000532|Busy|Big Data
FEBRUARY 2016|123456700000533|Homebody|High Voice & SMS
FEBRUARY 2016|123456700000534|Daily Grinder|High Voice
FEBRUARY 2016|123456700000535|Daily Grinder|Average User
FEBRUARY 2016|123456700000536|Daily Grinder|Big Data
FEBRUARY 2016|123456700000537|Delivering The Goods|High Voice & SMS
FEBRUARY 2016|123456700000538|Delivering The Goods|Low Usage Overall
FEBRUARY 2016|123456700000539|Busy|High SMS - Low Data
FEBRUARY 2016|123456700000540|Homebody|Average User
FEBRUARY 2016|123456700000541|Busy|High SMS - Low Data
FEBRUARY 2016|123456700000542|Delivering The Goods|Average User
FEBRUARY 2016|123456700000543|Busy|High Voice & SMS
FEBRUARY 2016|123456700000544|Night Shift|Low Usage Overall
FEBRUARY 2016|123456700000545|Busy|High SMS - Low Data
FEBRUARY 2016|123456700000546|Delivering The Goods|Low Usage Overall
FEBRUARY 2016|123456700000547|Delivering The Goods|Average User
FEBRUARY 2016|123456700000548|Night Shift|Average User
FEBRUARY 2016|123456700000549|Busy|High Voice
FEBRUARY 2016|123456700000550|Busy|High SMS - Low Data
FEBRUARY 2016|123456700000551|Delivering The Goods|High Voice
FEBRUARY 2016|123456700000552|Homebody|High SMS - Low Data
FEBRUARY 2016|123456700000553|Norm Peterson|High Voice & SMS
FEBRUARY 2016|123456700000554|Daily Grinder|Big Data
FEBRUARY 2016|123456700000555|Daily Grinder|High Voice
FEBRUARY 2016|123456700000556|Homebody|High Voice
FEBRUARY 2016|123456700000557|Delivering The Goods|High Voice
FEBRUARY 2016|123456700000558|Night Shift|High Voice & SMS
FEBRUARY 2016|123456700000559|Busy|High Voice
FEBRUARY 2016|123456700000560|Night Shift|Low Usage Overall
FEBRUARY 2016|123456700000561|Delivering The Goods|High Voice
FEBRUARY 2016|123456700000562|Daily Grinder|High Voice & SMS
FEBRUARY 2016|123456700000563|Busy|High Voice & SMS
FEBRUARY 2016|123456700000564|Homebody|High Voice & SMS
FEBRUARY 2016|123456700000565|Norm Peterson|High SMS - Low Data
FEBRUARY 2016|123456700000566|Night Shift|High SMS - Low Data
FEBRUARY 2016|123456700000567|Delivering The Goods|Low Usage Overall
FEBRUARY 2016|123456700000568|Busy|Big Data
FEBRUARY 2016|123456700000569|Norm Peterson|High Voice
FEBRUARY 2016|123456700000570|Busy|High SMS - Low Data
FEBRUARY 2016|123456700000571|Night Shift|High SMS - Low Data
FEBRUARY 2016|123456700000572|Busy|High SMS - Low Data
FEBRUARY 2016|123456700000573|Daily Grinder|Average User
FEBRUARY 2016|123456700000574|Night Shift|High Voice
FEBRUARY 2016|123456700000575|Night Shift|High Voice
FEBRUARY 2016|123456700000576|Busy|High Voice & SMS
FEBRUARY 2016|123456700000577|Busy|High Voice & SMS
FEBRUARY 2016|123456700000578|Norm Peterson|High Voice
FEBRUARY 2016|123456700000579|Norm Peterson|Low Usage Overall
FEBRUARY 2016|123456700000580|Busy|Average User
FEBRUARY 2016|123456700000581|Norm Peterson|High Voice & SMS
FEBRUARY 2016|123456700000582|Daily Grinder|High SMS - Low Data
FEBRUARY 2016|123456700000583|Norm Peterson|High SMS - Low Data
FEBRUARY 2016|123456700000584|Daily Grinder|Average User
FEBRUARY 2016|123456700000585|Daily Grinder|High SMS - Low Data
FEBRUARY 2016|123456700000586|Delivering The Goods|High Voice
FEBRUARY 2016|123456700000587|Busy|Big Data
FEBRUARY 2016|123456700000588|Homebody|Average User
FEBRUARY 2016|123456700000589|Delivering The Goods|High Voice & SMS
FEBRUARY 2016|123456700000590|Homebody|Low Usage Overall
FEBRUARY 2016|123456700000591|Daily Grinder|High SMS - Low Data
FEBRUARY 2016|123456700000592|Busy|High Voice
FEBRUARY 2016|123456700000593|Delivering The Goods|High Voice
FEBRUARY 2016|123456700000594|Night Shift|Average User
FEBRUARY 2016|123456700000595|Norm Peterson|High Voice & SMS
FEBRUARY 2016|123456700000596|Homebody|High Voice
FEBRUARY 2016|123456700000597|Norm Peterson|Average User
FEBRUARY 2016|123456700000598|Homebody|Average User
FEBRUARY 2016|123456700000599|Norm Peterson|High SMS - Low Data
FEBRUARY 2016|123456700000600|Daily Grinder|Low Usage Overall
FEBRUARY 2016|123456700000601|Delivering The Goods|Big Data
FEBRUARY 2016|123456700000602|Night Shift|High SMS - Low Data
FEBRUARY 2016|123456700000603|Night Shift|High Voice & SMS
FEBRUARY 2016|123456700000604|Delivering The Goods|Average User
FEBRUARY 2016|123456700000605|Delivering The Goods|Average User
FEBRUARY 2016|123456700000606|Busy|High Voice
FEBRUARY 2016|123456700000607|Busy|High Voice & SMS
FEBRUARY 2016|123456700000608|Busy|High Voice
FEBRUARY 2016|123456700000609|Homebody|Average User
FEBRUARY 2016|123456700000610|Homebody|High SMS - Low Data
FEBRUARY 2016|123456700000611|Night Shift|High Voice & SMS
FEBRUARY 2016|123456700000612|Busy|Average User
FEBRUARY 2016|123456700000613|Busy|Average User
FEBRUARY 2016|123456700000614|Night Shift|Low Usage Overall
FEBRUARY 2016|123456700000615|Busy|High SMS - Low Data
FEBRUARY 2016|123456700000616|Delivering The Goods|High Voice
FEBRUARY 2016|123456700000617|Busy|Average User
FEBRUARY 2016|123456700000618|Norm Peterson|Low Usage Overall
FEBRUARY 2016|123456700000619|Homebody|Low Usage Overall
FEBRUARY 2016|123456700000620|Busy|High SMS - Low Data
FEBRUARY 2016|123456700000621|Daily Grinder|High SMS - Low Data
FEBRUARY 2016|123456700000622|Homebody|High SMS - Low Data
FEBRUARY 2016|123456700000623|Norm Peterson|Average User
FEBRUARY 2016|123456700000624|Busy|High Voice
FEBRUARY 2016|123456700000625|Norm Peterson|Low Usage Overall
FEBRUARY 2016|123456700000626|Norm Peterson|Low Usage Overall
FEBRUARY 2016|123456700000627|Night Shift|High Voice & SMS
FEBRUARY 2016|123456700000628|Delivering The Goods|High SMS - Low Data
FEBRUARY 2016|123456700000629|Busy|High Voice
FEBRUARY 2016|123456700000630|Norm Peterson|High Voice
FEBRUARY 2016|123456700000631|Night Shift|Low Usage Overall
FEBRUARY 2016|123456700000632|Night Shift|High SMS - Low Data
FEBRUARY 2016|123456700000633|Delivering The Goods|High SMS - Low Data
FEBRUARY 2016|123456700000634|Homebody|Average User
FEBRUARY 2016|123456700000635|Homebody|High SMS - Low Data
FEBRUARY 2016|123456700000636|Daily Grinder|High SMS - Low Data
FEBRUARY 2016|123456700000637|Delivering The Goods|Low Usage Overall
FEBRUARY 2016|123456700000638|Daily Grinder|Low Usage Overall
FEBRUARY 2016|123456700000639|Homebody|High Voice & SMS
FEBRUARY 2016|123456700000640|Night Shift|Average User
FEBRUARY 2016|123456700000641|Night Shift|High Voice & SMS
FEBRUARY 2016|123456700000642|Norm Peterson|Big Data
FEBRUARY 2016|123456700000643|Homebody|Average User
FEBRUARY 2016|123456700000644|Night Shift|High Voice & SMS
FEBRUARY 2016|123456700000645|Night Shift|High Voice & SMS
FEBRUARY 2016|123456700000646|Daily Grinder|High Voice & SMS
FEBRUARY 2016|123456700000647|Daily Grinder|High Voice
FEBRUARY 2016|123456700000648|Homebody|High Voice & SMS
FEBRUARY 2016|123456700000649|Daily Grinder|Big Data
FEBRUARY 2016|123456700000650|Delivering The Goods|Big Data
FEBRUARY 2016|123456700000651|Busy|High Voice
FEBRUARY 2016|123456700000652|Homebody|High SMS - Low Data
FEBRUARY 2016|123456700000653|Homebody|High Voice
FEBRUARY 2016|123456700000654|Delivering The Goods|High SMS - Low Data
FEBRUARY 2016|123456700000655|Night Shift|High Voice
FEBRUARY 2016|123456700000656|Norm Peterson|High Voice & SMS
FEBRUARY 2016|123456700000657|Norm Peterson|Average User
FEBRUARY 2016|123456700000658|Night Shift|High Voice
FEBRUARY 2016|123456700000659|Night Shift|High Voice
FEBRUARY 2016|123456700000660|Delivering The Goods|Low Usage Overall
FEBRUARY 2016|123456700000661|Homebody|High Voice & SMS
FEBRUARY 2016|123456700000662|Delivering The Goods|Low Usage Overall
FEBRUARY 2016|123456700000663|Homebody|High Voice
FEBRUARY 2016|123456700000664|Daily Grinder|High SMS - Low Data
FEBRUARY 2016|123456700000665|Delivering The Goods|High Voice
FEBRUARY 2016|123456700000666|Norm Peterson|High Voice & SMS
FEBRUARY 2016|123456700000667|Night Shift|Low Usage Overall
FEBRUARY 2016|123456700000668|Daily Grinder|Low Usage Overall
FEBRUARY 2016|123456700000669|Norm Peterson|Big Data
FEBRUARY 2016|123456700000670|Busy|Big Data
FEBRUARY 2016|123456700000671|Night Shift|Low Usage Overall
FEBRUARY 2016|123456700000672|Homebody|High Voice & SMS
FEBRUARY 2016|123456700000673|Daily Grinder|Big Data
FEBRUARY 2016|123456700000674|Homebody|Average User
FEBRUARY 2016|123456700000675|Delivering The Goods|High SMS - Low Data
FEBRUARY 2016|123456700000676|Daily Grinder|High Voice
FEBRUARY 2016|123456700000677|Homebody|High Voice & SMS
FEBRUARY 2016|123456700000678|Norm Peterson|Big Data
FEBRUARY 2016|123456700000679|Homebody|High Voice & SMS
FEBRUARY 2016|123456700000680|Homebody|High Voice & SMS
FEBRUARY 2016|123456700000681|Night Shift|Big Data
FEBRUARY 2016|123456700000682|Homebody|Average User
FEBRUARY 2016|123456700000683|Norm Peterson|Average User
FEBRUARY 2016|123456700000684|Norm Peterson|High SMS - Low Data
FEBRUARY 2016|123456700000685|Norm Peterson|Big Data
FEBRUARY 2016|123456700000686|Busy|Big Data
FEBRUARY 2016|123456700000687|Norm Peterson|Average User
FEBRUARY 2016|123456700000688|Norm Peterson|High SMS - Low Data
FEBRUARY 2016|123456700000689|Busy|Low Usage Overall
FEBRUARY 2016|123456700000690|Daily Grinder|Average User
FEBRUARY 2016|123456700000691|Daily Grinder|High Voice
FEBRUARY 2016|123456700000692|Daily Grinder|Low Usage Overall
FEBRUARY 2016|123456700000693|Homebody|High SMS - Low Data
FEBRUARY 2016|123456700000694|Norm Peterson|Low Usage Overall
FEBRUARY 2016|123456700000695|Night Shift|High SMS - Low Data
FEBRUARY 2016|123456700000696|Homebody|Big Data
FEBRUARY 2016|123456700000697|Busy|Average User
FEBRUARY 2016|123456700000698|Busy|High Voice & SMS
FEBRUARY 2016|123456700000699|Daily Grinder|High Voice & SMS
FEBRUARY 2016|123456700000700|Night Shift|High Voice & SMS
FEBRUARY 2016|123456700000701|Norm Peterson|High SMS - Low Data
FEBRUARY 2016|123456700000702|Night Shift|Big Data
FEBRUARY 2016|123456700000703|Delivering The Goods|High SMS - Low Data
FEBRUARY 2016|123456700000704|Night Shift|High SMS - Low Data
FEBRUARY 2016|123456700000705|Daily Grinder|Low Usage Overall
FEBRUARY 2016|123456700000706|Delivering The Goods|Big Data
FEBRUARY 2016|123456700000707|Norm Peterson|High Voice & SMS
FEBRUARY 2016|123456700000708|Homebody|High Voice
FEBRUARY 2016|123456700000709|Night Shift|Average User
FEBRUARY 2016|123456700000710|Delivering The Goods|High Voice
FEBRUARY 2016|123456700000711|Homebody|High SMS - Low Data
FEBRUARY 2016|123456700000712|Busy|High SMS - Low Data
FEBRUARY 2016|123456700000713|Delivering The Goods|High Voice
FEBRUARY 2016|123456700000714|Norm Peterson|Big Data
FEBRUARY 2016|123456700000715|Daily Grinder|High Voice
FEBRUARY 2016|123456700000716|Homebody|High SMS - Low Data
FEBRUARY 2016|123456700000717|Norm Peterson|Average User
FEBRUARY 2016|123456700000718|Night Shift|Big Data
FEBRUARY 2016|123456700000719|Norm Peterson|High Voice & SMS
FEBRUARY 2016|123456700000720|Daily Grinder|Low Usage Overall
FEBRUARY 2016|123456700000721|Norm Peterson|High SMS - Low Data
FEBRUARY 2016|123456700000722|Busy|High Voice
FEBRUARY 2016|123456700000723|Delivering The Goods|Big Data
FEBRUARY 2016|123456700000724|Delivering The Goods|High Voice & SMS
FEBRUARY 2016|123456700000725|Night Shift|High Voice
FEBRUARY 2016|123456700000726|Busy|High SMS - Low Data
FEBRUARY 2016|123456700000727|Busy|Low Usage Overall
FEBRUARY 2016|123456700000728|Night Shift|Low Usage Overall
FEBRUARY 2016|123456700000729|Homebody|Average User
FEBRUARY 2016|123456700000730|Delivering The Goods|Low Usage Overall
FEBRUARY 2016|123456700000731|Night Shift|High SMS - Low Data
FEBRUARY 2016|123456700000732|Busy|High SMS - Low Data
FEBRUARY 2016|123456700000733|Norm Peterson|High SMS - Low Data
FEBRUARY 2016|123456700000734|Night Shift|Low Usage Overall
FEBRUARY 2016|123456700000735|Night Shift|High SMS - Low Data
FEBRUARY 2016|123456700000736|Daily Grinder|High SMS - Low Data
FEBRUARY 2016|123456700000737|Norm Peterson|High Voice
FEBRUARY 2016|123456700000738|Homebody|Average User
FEBRUARY 2016|123456700000739|Night Shift|Big Data
FEBRUARY 2016|123456700000740|Busy|High Voice & SMS
FEBRUARY 2016|123456700000741|Homebody|Average User
FEBRUARY 2016|123456700000742|Daily Grinder|Low Usage Overall
FEBRUARY 2016|123456700000743|Night Shift|High Voice
FEBRUARY 2016|123456700000744|Busy|High SMS - Low Data
FEBRUARY 2016|123456700000745|Homebody|High SMS - Low Data
FEBRUARY 2016|123456700000746|Busy|Big Data
FEBRUARY 2016|123456700000747|Homebody|Average User
FEBRUARY 2016|123456700000748|Homebody|Average User
FEBRUARY 2016|123456700000749|Night Shift|High Voice
FEBRUARY 2016|123456700000750|Norm Peterson|Low Usage Overall
FEBRUARY 2016|123456700000751|Norm Peterson|Low Usage Overall
FEBRUARY 2016|123456700000752|Homebody|High Voice
FEBRUARY 2016|123456700000753|Homebody|High Voice
FEBRUARY 2016|123456700000754|Daily Grinder|Average User
FEBRUARY 2016|123456700000755|Busy|High Voice
FEBRUARY 2016|123456700000756|Daily Grinder|High Voice & SMS
FEBRUARY 2016|123456700000757|Night Shift|High Voice & SMS
FEBRUARY 2016|123456700000758|Delivering The Goods|Low Usage Overall
FEBRUARY 2016|123456700000759|Night Shift|High Voice & SMS
FEBRUARY 2016|123456700000760|Homebody|Average User
FEBRUARY 2016|123456700000761|Daily Grinder|High Voice
FEBRUARY 2016|123456700000762|Daily Grinder|High SMS - Low Data
FEBRUARY 2016|123456700000763|Delivering The Goods|High SMS - Low Data
FEBRUARY 2016|123456700000764|Night Shift|High SMS - Low Data
FEBRUARY 2016|123456700000765|Night Shift|High Voice
FEBRUARY 2016|123456700000766|Daily Grinder|High SMS - Low Data
FEBRUARY 2016|123456700000767|Delivering The Goods|High Voice & SMS
FEBRUARY 2016|123456700000768|Delivering The Goods|Average User
FEBRUARY 2016|123456700000769|Daily Grinder|High Voice & SMS
FEBRUARY 2016|123456700000770|Delivering The Goods|Big Data
FEBRUARY 2016|123456700000771|Delivering The Goods|Average User
FEBRUARY 2016|123456700000772|Daily Grinder|Big Data
FEBRUARY 2016|123456700000773|Daily Grinder|High SMS - Low Data
FEBRUARY 2016|123456700000774|Daily Grinder|Low Usage Overall
FEBRUARY 2016|123456700000775|Delivering The Goods|High Voice
FEBRUARY 2016|123456700000776|Norm Peterson|High Voice
FEBRUARY 2016|123456700000777|Daily Grinder|High Voice & SMS
FEBRUARY 2016|123456700000778|Busy|Big Data
FEBRUARY 2016|123456700000779|Norm Peterson|Big Data
FEBRUARY 2016|123456700000780|Daily Grinder|High SMS - Low Data
FEBRUARY 2016|123456700000781|Busy|Big Data
FEBRUARY 2016|123456700000782|Norm Peterson|Big Data
FEBRUARY 2016|123456700000783|Homebody|High Voice
FEBRUARY 2016|123456700000784|Homebody|High SMS - Low Data
FEBRUARY 2016|123456700000785|Busy|High Voice & SMS
FEBRUARY 2016|123456700000786|Delivering The Goods|High Voice
FEBRUARY 2016|123456700000787|Busy|Average User
FEBRUARY 2016|123456700000788|Night Shift|High Voice & SMS
FEBRUARY 2016|123456700000789|Night Shift|Big Data
FEBRUARY 2016|123456700000790|Norm Peterson|Low Usage Overall
FEBRUARY 2016|123456700000791|Daily Grinder|High Voice & SMS
FEBRUARY 2016|123456700000792|Night Shift|High SMS - Low Data
FEBRUARY 2016|123456700000793|Delivering The Goods|High Voice & SMS
FEBRUARY 2016|123456700000794|Norm Peterson|High Voice
FEBRUARY 2016|123456700000795|Busy|Big Data
FEBRUARY 2016|123456700000796|Busy|High Voice
FEBRUARY 2016|123456700000797|Delivering The Goods|High Voice
FEBRUARY 2016|123456700000798|Night Shift|Big Data
FEBRUARY 2016|123456700000799|Norm Peterson|High Voice
FEBRUARY 2016|123456700000800|Night Shift|Low Usage Overall
FEBRUARY 2016|123456700000801|Night Shift|Big Data
FEBRUARY 2016|123456700000802|Night Shift|High Voice & SMS
FEBRUARY 2016|123456700000803|Delivering The Goods|Big Data
FEBRUARY 2016|123456700000804|Homebody|High Voice & SMS
FEBRUARY 2016|123456700000805|Homebody|Big Data
FEBRUARY 2016|123456700000806|Busy|High Voice & SMS
FEBRUARY 2016|123456700000807|Busy|Low Usage Overall
FEBRUARY 2016|123456700000808|Norm Peterson|High Voice & SMS
FEBRUARY 2016|123456700000809|Norm Peterson|Average User
FEBRUARY 2016|123456700000810|Delivering The Goods|High SMS - Low Data
FEBRUARY 2016|123456700000811|Homebody|High Voice & SMS
FEBRUARY 2016|123456700000812|Norm Peterson|Average User
FEBRUARY 2016|123456700000813|Norm Peterson|Low Usage Overall
FEBRUARY 2016|123456700000814|Delivering The Goods|Low Usage Overall
FEBRUARY 2016|123456700000815|Daily Grinder|High Voice
FEBRUARY 2016|123456700000816|Busy|High Voice & SMS
FEBRUARY 2016|123456700000817|Homebody|High Voice & SMS
FEBRUARY 2016|123456700000818|Delivering The Goods|High Voice & SMS
FEBRUARY 2016|123456700000819|Delivering The Goods|Average User
FEBRUARY 2016|123456700000820|Daily Grinder|High Voice & SMS
FEBRUARY 2016|123456700000821|Busy|High SMS - Low Data
FEBRUARY 2016|123456700000822|Night Shift|Big Data
FEBRUARY 2016|123456700000823|Homebody|High Voice
FEBRUARY 2016|123456700000824|Norm Peterson|Average User
FEBRUARY 2016|123456700000825|Daily Grinder|Average User
FEBRUARY 2016|123456700000826|Daily Grinder|Low Usage Overall
FEBRUARY 2016|123456700000827|Daily Grinder|High Voice & SMS
FEBRUARY 2016|123456700000828|Night Shift|High Voice & SMS
FEBRUARY 2016|123456700000829|Daily Grinder|Big Data
FEBRUARY 2016|123456700000830|Night Shift|High Voice & SMS
FEBRUARY 2016|123456700000831|Night Shift|High Voice
FEBRUARY 2016|123456700000832|Norm Peterson|Big Data
FEBRUARY 2016|123456700000833|Daily Grinder|High Voice
FEBRUARY 2016|123456700000834|Daily Grinder|High Voice
FEBRUARY 2016|123456700000835|Delivering The Goods|High SMS - Low Data
FEBRUARY 2016|123456700000836|Night Shift|Big Data
FEBRUARY 2016|123456700000837|Homebody|Low Usage Overall
FEBRUARY 2016|123456700000838|Daily Grinder|High Voice
FEBRUARY 2016|123456700000839|Homebody|High Voice & SMS
FEBRUARY 2016|123456700000840|Daily Grinder|Big Data
FEBRUARY 2016|123456700000841|Night Shift|Low Usage Overall
FEBRUARY 2016|123456700000842|Busy|Average User
FEBRUARY 2016|123456700000843|Norm Peterson|Average User
FEBRUARY 2016|123456700000844|Delivering The Goods|Low Usage Overall
FEBRUARY 2016|123456700000845|Delivering The Goods|High Voice & SMS
FEBRUARY 2016|123456700000846|Homebody|High SMS - Low Data
FEBRUARY 2016|123456700000847|Homebody|Average User
FEBRUARY 2016|123456700000848|Night Shift|Big Data
FEBRUARY 2016|123456700000849|Homebody|High SMS - Low Data
FEBRUARY 2016|123456700000850|Delivering The Goods|High Voice
FEBRUARY 2016|123456700000851|Delivering The Goods|High SMS - Low Data
FEBRUARY 2016|123456700000852|Homebody|High Voice
FEBRUARY 2016|123456700000853|Homebody|High Voice & SMS
FEBRUARY 2016|123456700000854|Daily Grinder|High Voice
FEBRUARY 2016|123456700000855|Homebody|High SMS - Low Data
FEBRUARY 2016|123456700000856|Daily Grinder|Big Data
FEBRUARY 2016|123456700000857|Delivering The Goods|Big Data
FEBRUARY 2016|123456700000858|Delivering The Goods|High Voice
FEBRUARY 2016|123456700000859|Homebody|Low Usage Overall
FEBRUARY 2016|123456700000860|Busy|High Voice & SMS
FEBRUARY 2016|123456700000861|Daily Grinder|High Voice
FEBRUARY 2016|123456700000862|Homebody|Average User
FEBRUARY 2016|123456700000863|Busy|Average User
FEBRUARY 2016|123456700000864|Night Shift|High SMS - Low Data
FEBRUARY 2016|123456700000865|Homebody|Big Data
FEBRUARY 2016|123456700000866|Delivering The Goods|Average User
FEBRUARY 2016|123456700000867|Homebody|High Voice & SMS
FEBRUARY 2016|123456700000868|Daily Grinder|High Voice & SMS
FEBRUARY 2016|123456700000869|Homebody|High Voice & SMS
FEBRUARY 2016|123456700000870|Homebody|High Voice & SMS
FEBRUARY 2016|123456700000871|Night Shift|High SMS - Low Data
FEBRUARY 2016|123456700000872|Daily Grinder|Low Usage Overall
FEBRUARY 2016|123456700000873|Busy|High Voice & SMS
FEBRUARY 2016|123456700000874|Night Shift|Big Data
FEBRUARY 2016|123456700000875|Daily Grinder|High SMS - Low Data
FEBRUARY 2016|123456700000876|Night Shift|Low Usage Overall
FEBRUARY 2016|123456700000877|Daily Grinder|Low Usage Overall
FEBRUARY 2016|123456700000878|Busy|Low Usage Overall
FEBRUARY 2016|123456700000879|Busy|High Voice & SMS
FEBRUARY 2016|123456700000880|Norm Peterson|High Voice & SMS
FEBRUARY 2016|123456700000881|Delivering The Goods|Big Data
FEBRUARY 2016|123456700000882|Night Shift|Low Usage Overall
FEBRUARY 2016|123456700000883|Busy|High Voice & SMS
FEBRUARY 2016|123456700000884|Busy|High SMS - Low Data
FEBRUARY 2016|123456700000885|Norm Peterson|High Voice & SMS
FEBRUARY 2016|123456700000886|Night Shift|High Voice & SMS
FEBRUARY 2016|123456700000887|Delivering The Goods|Average User
FEBRUARY 2016|123456700000888|Busy|High SMS - Low Data
FEBRUARY 2016|123456700000889|Daily Grinder|Low Usage Overall
FEBRUARY 2016|123456700000890|Busy|Low Usage Overall
FEBRUARY 2016|123456700000891|Night Shift|High SMS - Low Data
FEBRUARY 2016|123456700000892|Delivering The Goods|Low Usage Overall
FEBRUARY 2016|123456700000893|Busy|Big Data
FEBRUARY 2016|123456700000894|Homebody|High Voice
FEBRUARY 2016|123456700000895|Norm Peterson|Average User
FEBRUARY 2016|123456700000896|Homebody|Low Usage Overall
FEBRUARY 2016|123456700000897|Night Shift|Big Data
FEBRUARY 2016|123456700000898|Busy|Average User
FEBRUARY 2016|123456700000899|Homebody|Low Usage Overall
FEBRUARY 2016|123456700000900|Norm Peterson|Average User
FEBRUARY 2016|123456700000901|Daily Grinder|High Voice
FEBRUARY 2016|123456700000902|Busy|Big Data
FEBRUARY 2016|123456700000903|Daily Grinder|Big Data
FEBRUARY 2016|123456700000904|Busy|High Voice
FEBRUARY 2016|123456700000905|Busy|High Voice & SMS
FEBRUARY 2016|123456700000906|Norm Peterson|High Voice & SMS
FEBRUARY 2016|123456700000907|Busy|Low Usage Overall
FEBRUARY 2016|123456700000908|Delivering The Goods|Low Usage Overall
FEBRUARY 2016|123456700000909|Homebody|High Voice & SMS
FEBRUARY 2016|123456700000910|Busy|High SMS - Low Data
FEBRUARY 2016|123456700000911|Norm Peterson|High Voice
FEBRUARY 2016|123456700000912|Night Shift|Low Usage Overall
FEBRUARY 2016|123456700000913|Daily Grinder|Average User
FEBRUARY 2016|123456700000914|Homebody|High Voice & SMS
FEBRUARY 2016|123456700000915|Norm Peterson|High Voice & SMS
FEBRUARY 2016|123456700000916|Daily Grinder|High Voice & SMS
FEBRUARY 2016|123456700000917|Delivering The Goods|Average User
FEBRUARY 2016|123456700000918|Homebody|Low Usage Overall
FEBRUARY 2016|123456700000919|Delivering The Goods|Big Data
FEBRUARY 2016|123456700000920|Busy|Average User
FEBRUARY 2016|123456700000921|Norm Peterson|Low Usage Overall
FEBRUARY 2016|123456700000922|Delivering The Goods|Low Usage Overall
FEBRUARY 2016|123456700000923|Night Shift|High Voice
FEBRUARY 2016|123456700000924|Delivering The Goods|High Voice & SMS
FEBRUARY 2016|123456700000925|Night Shift|Average User
FEBRUARY 2016|123456700000926|Delivering The Goods|High Voice
FEBRUARY 2016|123456700000927|Delivering The Goods|High Voice
FEBRUARY 2016|123456700000928|Daily Grinder|Big Data
FEBRUARY 2016|123456700000929|Night Shift|Low Usage Overall
FEBRUARY 2016|123456700000930|Night Shift|High Voice & SMS
FEBRUARY 2016|123456700000931|Night Shift|High Voice & SMS
FEBRUARY 2016|123456700000932|Night Shift|Big Data
FEBRUARY 2016|123456700000933|Delivering The Goods|Big Data
FEBRUARY 2016|123456700000934|Night Shift|Low Usage Overall
FEBRUARY 2016|123456700000935|Norm Peterson|High SMS - Low Data
FEBRUARY 2016|123456700000936|Norm Peterson|Low Usage Overall
FEBRUARY 2016|123456700000937|Delivering The Goods|Low Usage Overall
FEBRUARY 2016|123456700000938|Night Shift|High Voice & SMS
FEBRUARY 2016|123456700000939|Delivering The Goods|Low Usage Overall
FEBRUARY 2016|123456700000940|Delivering The Goods|High SMS - Low Data
FEBRUARY 2016|123456700000941|Norm Peterson|Average User
FEBRUARY 2016|123456700000942|Delivering The Goods|Big Data
FEBRUARY 2016|123456700000943|Daily Grinder|Average User
FEBRUARY 2016|123456700000944|Homebody|Average User
FEBRUARY 2016|123456700000945|Night Shift|Big Data
FEBRUARY 2016|123456700000946|Homebody|Big Data
FEBRUARY 2016|123456700000947|Busy|Low Usage Overall
FEBRUARY 2016|123456700000948|Homebody|High Voice
FEBRUARY 2016|123456700000949|Night Shift|Low Usage Overall
FEBRUARY 2016|123456700000950|Daily Grinder|High SMS - Low Data
FEBRUARY 2016|123456700000951|Delivering The Goods|Average User
FEBRUARY 2016|123456700000952|Norm Peterson|High Voice
FEBRUARY 2016|123456700000953|Busy|Big Data
FEBRUARY 2016|123456700000954|Norm Peterson|High Voice & SMS
FEBRUARY 2016|123456700000955|Daily Grinder|Low Usage Overall
FEBRUARY 2016|123456700000956|Homebody|Average User
FEBRUARY 2016|123456700000957|Daily Grinder|High Voice
FEBRUARY 2016|123456700000958|Norm Peterson|High Voice
FEBRUARY 2016|123456700000959|Night Shift|High SMS - Low Data
FEBRUARY 2016|123456700000960|Delivering The Goods|High Voice & SMS
FEBRUARY 2016|123456700000961|Homebody|High SMS - Low Data
FEBRUARY 2016|123456700000962|Busy|High SMS - Low Data
FEBRUARY 2016|123456700000963|Daily Grinder|Average User
FEBRUARY 2016|123456700000964|Busy|Big Data
FEBRUARY 2016|123456700000965|Busy|High SMS - Low Data
FEBRUARY 2016|123456700000966|Night Shift|High Voice
FEBRUARY 2016|123456700000967|Busy|Big Data
FEBRUARY 2016|123456700000968|Night Shift|Low Usage Overall
FEBRUARY 2016|123456700000969|Busy|Big Data
FEBRUARY 2016|123456700000970|Delivering The Goods|High Voice
FEBRUARY 2016|123456700000971|Busy|High Voice
FEBRUARY 2016|123456700000972|Night Shift|High Voice & SMS
FEBRUARY 2016|123456700000973|Norm Peterson|Average User
FEBRUARY 2016|123456700000974|Night Shift|High SMS - Low Data
FEBRUARY 2016|123456700000975|Homebody|Average User
FEBRUARY 2016|123456700000976|Daily Grinder|Average User
FEBRUARY 2016|123456700000977|Busy|Average User
FEBRUARY 2016|123456700000978|Busy|High Voice
FEBRUARY 2016|123456700000979|Night Shift|High Voice
FEBRUARY 2016|123456700000980|Busy|Low Usage Overall
FEBRUARY 2016|123456700000981|Busy|Average User
FEBRUARY 2016|123456700000982|Homebody|Low Usage Overall
FEBRUARY 2016|123456700000983|Homebody|High Voice
FEBRUARY 2016|123456700000984|Norm Peterson|High SMS - Low Data
FEBRUARY 2016|123456700000985|Daily Grinder|Low Usage Overall
FEBRUARY 2016|123456700000986|Delivering The Goods|High Voice & SMS
FEBRUARY 2016|123456700000987|Busy|High Voice & SMS
FEBRUARY 2016|123456700000988|Daily Grinder|High SMS - Low Data
FEBRUARY 2016|123456700000989|Delivering The Goods|High Voice & SMS
FEBRUARY 2016|123456700000990|Night Shift|High Voice
FEBRUARY 2016|123456700000991|Norm Peterson|Low Usage Overall
FEBRUARY 2016|123456700000992|Night Shift|Average User
FEBRUARY 2016|123456700000993|Norm Peterson|High SMS - Low Data
FEBRUARY 2016|123456700000994|Norm Peterson|High Voice & SMS
FEBRUARY 2016|123456700000995|Norm Peterson|Low Usage Overall
FEBRUARY 2016|123456700000996|Daily Grinder|Big Data
FEBRUARY 2016|123456700000997|Night Shift|High Voice
FEBRUARY 2016|123456700000998|Daily Grinder|Average User
FEBRUARY 2016|123456700000999|Busy|Average User
